{"devaddr": "0000BF53", "time": "2020-06-02T23:01:11.045337Z", "latitude": 38.72380635165497, "longitude": -9.16139236365605, "chan": 1, "datr": "SF12BW125", "lsnr": -4.8, "rssi": -112, "payload": "QNljEKCA37UD0O5wi/4qOdjoP3lssOo=", "flag": 0}
{"devaddr": "0000BF53", "time": "2020-06-02T23:15:14.081193Z", "latitude": 38.72380635165497, "longitude": -9.16139236365605, "chan": 1, "datr": "SF12BW125", "lsnr": -10.2, "rssi": -105, "payload": "QNljEKCA4LUDxQ4D5eSclIMy4g72Ebg=", "flag": 0}
{"devaddr": "0000BF53", "time": "2020-06-02T23:31:10.114521Z", "latitude": 38.72380635165497, "longitude": -9.16139236365605, "chan": 2, "datr": "SF12BW125", "lsnr": -6.2, "rssi": -117, "payload": "QNljEKCA4bUDlgdoHENIxKmfUlZaGrM=", "flag": 0}
{"devaddr": "0000BF53", "time": "2020-06-02T23:39:38.182642Z", "latitude": 38.72380635165497, "longitude": -9.16139236365605, "chan": 2, "datr": "SF12BW125", "lsnr": -3.8, "rssi": -113, "payload": "QNljEKCA4rUDpQyJSzEmElrg3jt6RQQ=", "flag": 0}
{"devaddr": "0000BF53", "time": "2020-06-03T00:02:02.200442Z", "latitude": 38.72380635165497, "longitude": -9.16139236365605, "chan": 0, "datr": "SF12BW125", "lsnr": -3, "rssi": -121, "payload": "QNljEKCA47UDUX4LzpD81rWPqSyzNXA=", "flag": 0}
{"devaddr": "0000BF53", "time": "2020-06-03T00:15:22.233121Z", "latitude": 38.72380635165497, "longitude": -9.16139236365605, "chan": 1, "datr": "SF12BW125", "lsnr": -4.2, "rssi": -113, "payload": "QNljEKCA5LUDwtTolqwThanI8FhkcaQ=", "flag": 0}
{"devaddr": "0000BF53", "time": "2020-06-03T00:21:08.253276Z", "latitude": 38.72380635165497, "longitude": -9.16139236365605, "chan": 1, "datr": "SF12BW125", "lsnr": -13.2, "rssi": -104, "payload": "QNljEKCA5bUD334DhxN2YT8RuiaA9Q==", "flag": 0}
{"devaddr": "0000BF53", "time": "2020-06-03T00:39:55.305157Z", "latitude": 38.72380635165497, "longitude": -9.16139236365605, "chan": 0, "datr": "SF12BW125", "lsnr": -2.2, "rssi": -112, "payload": "QNljEKCA5rUDSiRuMhN5R+F1N/rlANo=", "flag": 0}
{"devaddr": "0000BF53", "time": "2020-06-03T00:53:18.339808Z", "latitude": 38.72380635165497, "longitude": -9.16139236365605, "chan": 2, "datr": "SF12BW125", "lsnr": -2, "rssi": -117, "payload": "QNljEKCA57UD2ybULPz3iPzLXKgkUQ4=", "flag": 0}
{"devaddr": "0000BF53", "time": "2020-06-03T01:30:23.433791Z", "latitude": 38.72380635165497, "longitude": -9.16139236365605, "chan": 2, "datr": "SF12BW125", "lsnr": -2.5, "rssi": -121, "payload": "QNljEKCA6bUDXMSH6zUSqkdduXnRmGE=", "flag": 0}
{"devaddr": "0000BF53", "time": "2020-06-03T01:40:10.464052Z", "latitude": 38.72380635165497, "longitude": -9.16139236365605, "chan": 2, "datr": "SF12BW125", "lsnr": -2, "rssi": -112, "payload": "QNljEKCA6rUDh1hsNaRBJWm7PxcbO/Y=", "flag": 0}
{"devaddr": "0000BF53", "time": "2020-06-03T01:55:26.495796Z", "latitude": 38.72380635165497, "longitude": -9.16139236365605, "chan": 1, "datr": "SF12BW125", "lsnr": -13.8, "rssi": -112, "payload": "QNljEKCA67UDEH0rQXxjzulcCe/JUTQ=", "flag": 0}
{"devaddr": "0000BF53", "time": "2020-06-03T02:15:44.560768Z", "latitude": 38.72380635165497, "longitude": -9.16139236365605, "chan": 2, "datr": "SF12BW125", "lsnr": -4.5, "rssi": -112, "payload": "QNljEKCA7LUDPqXfXCoWYcX6wTS0Qh8=", "flag": 0}
{"devaddr": "0000BF53", "time": "2020-06-03T02:27:36.580166Z", "latitude": 38.72380635165497, "longitude": -9.16139236365605, "chan": 2, "datr": "SF12BW125", "lsnr": -1.5, "rssi": -113, "payload": "QNljEKCA7bUDKiCAWcSxN+Wiu01ulKk=", "flag": 0}
{"devaddr": "0000BF53", "time": "2020-06-03T02:41:22.617650Z", "latitude": 38.72380635165497, "longitude": -9.16139236365605, "chan": 1, "datr": "SF12BW125", "lsnr": -3.5, "rssi": -112, "payload": "QNljEKCA7rUDvMFmrULseloBUeP3E7Y=", "flag": 0}
{"devaddr": "0000BF53", "time": "2020-06-03T02:55:48.656449Z", "latitude": 38.72380635165497, "longitude": -9.16139236365605, "chan": 1, "datr": "SF12BW125", "lsnr": -2, "rssi": -117, "payload": "QNljEKCA77UDTGrtzvH202IKLOwKXXo=", "flag": 0}
{"devaddr": "0000BF53", "time": "2020-06-03T03:09:34.693876Z", "latitude": 38.72380635165497, "longitude": -9.16139236365605, "chan": 0, "datr": "SF12BW125", "lsnr": -3, "rssi": -101, "payload": "QNljEKCA8LUD/Lj3iccR7i6tsstCp7s=", "flag": 0}
{"devaddr": "0000BF53", "time": "2020-06-03T03:24:08.741396Z", "latitude": 38.72380635165497, "longitude": -9.16139236365605, "chan": 2, "datr": "SF12BW125", "lsnr": -3, "rssi": -115, "payload": "QNljEKCA8bUDeNSJwrRR3f+MpSltsD0=", "flag": 0}
{"devaddr": "0000BF53", "time": "2020-06-03T03:38:49.776046Z", "latitude": 38.72380635165497, "longitude": -9.16139236365605, "chan": 1, "datr": "SF12BW125", "lsnr": -8.2, "rssi": -104, "payload": "QNljEKCA8rUDEzFm2gs8MNdaT2wbE94=", "flag": 0}
{"devaddr": "0000BF53", "time": "2020-06-03T03:59:17.830876Z", "latitude": 38.72380635165497, "longitude": -9.16139236365605, "chan": 0, "datr": "SF12BW125", "lsnr": -3.2, "rssi": -119, "payload": "QNljEKCA87UDY4B3BQN+DLxVgg7KfHQ=", "flag": 0}
{"devaddr": "0000BF53", "time": "2020-06-03T04:13:11.876439Z", "latitude": 38.72380635165497, "longitude": -9.16139236365605, "chan": 1, "datr": "SF12BW125", "lsnr": -6, "rssi": -113, "payload": "QNljEKCA9LUDRTaWouX3lXM/o9qgvDQ=", "flag": 0}
{"devaddr": "0000BF53", "time": "2020-06-03T04:32:02.929057Z", "latitude": 38.72380635165497, "longitude": -9.16139236365605, "chan": 2, "datr": "SF12BW125", "lsnr": -4.2, "rssi": -117, "payload": "QNljEKCA9bUDbxs6cstA+xa0rNpt2h0=", "flag": 0}
{"devaddr": "0000BF53", "time": "2020-06-03T04:36:38.935235Z", "latitude": 38.72380635165497, "longitude": -9.16139236365605, "chan": 2, "datr": "SF12BW125", "lsnr": -6, "rssi": -111, "payload": "QNljEKCA9rUDfrSdI0Z5iLcl1uR5Mxg=", "flag": 0}
{"devaddr": "0000BF53", "time": "2020-06-03T04:56:51.993267Z", "latitude": 38.72380635165497, "longitude": -9.16139236365605, "chan": 2, "datr": "SF12BW125", "lsnr": -2, "rssi": -117, "payload": "QNljEKCA97UDH0uBPLrdJGN36Z1lIlg=", "flag": 0}
{"devaddr": "0000BF53", "time": "2020-06-03T05:14:31.031795Z", "latitude": 38.72380635165497, "longitude": -9.16139236365605, "chan": 0, "datr": "SF12BW125", "lsnr": -4, "rssi": -117, "payload": "QNljEKCA+LUDli7JAHI3K+CfCPzJFmc=", "flag": 0}
{"devaddr": "0000BF53", "time": "2020-06-03T05:22:06.043208Z", "latitude": 38.72380635165497, "longitude": -9.16139236365605, "chan": 1, "datr": "SF12BW125", "lsnr": -4.8, "rssi": -106, "payload": "QNljEKCA+bUD9pKiCeICegwRGTm51zY=", "flag": 0}
{"devaddr": "0000BF53", "time": "2020-06-03T05:44:36.103511Z", "latitude": 38.72380635165497, "longitude": -9.16139236365605, "chan": 0, "datr": "SF12BW125", "lsnr": -2, "rssi": -116, "payload": "QNljEKCA+rUDfN1Zg5d+sL2SNsmxn5U=", "flag": 0}
{"devaddr": "0000BF53", "time": "2020-06-03T05:57:10.147899Z", "latitude": 38.72380635165497, "longitude": -9.16139236365605, "chan": 1, "datr": "SF12BW125", "lsnr": -3, "rssi": -112, "payload": "QNljEKCA+7UDCodYJc2IjUe8dttsAiU=", "flag": 0}
{"devaddr": "0000BF53", "time": "2020-06-03T06:14:53.176639Z", "latitude": 38.72380635165497, "longitude": -9.16139236365605, "chan": 0, "datr": "SF12BW125", "lsnr": -2, "rssi": -117, "payload": "QNljEKCA/LUDdyjEJGKJ6MBLW2Blfc0=", "flag": 0}
{"devaddr": "0000BF53", "time": "2020-06-03T06:25:50.205372Z", "latitude": 38.72380635165497, "longitude": -9.16139236365605, "chan": 0, "datr": "SF12BW125", "lsnr": -7.5, "rssi": -115, "payload": "QNljEKCA/bUDFgLE0lV1JCdj/WvSd+s=", "flag": 0}
{"devaddr": "0000BF53", "time": "2020-06-03T06:40:10.251000Z", "latitude": 38.72380635165497, "longitude": -9.16139236365605, "chan": 0, "datr": "SF12BW125", "lsnr": -7.5, "rssi": -110, "payload": "QNljEKCA/rUDFGTJxBeJ/YD0Ems+iN4=", "flag": 0}
{"devaddr": "0000BF53", "time": "2020-06-03T06:52:42.303147Z", "latitude": 38.72380635165497, "longitude": -9.16139236365605, "chan": 2, "datr": "SF12BW125", "lsnr": -0.5, "rssi": -119, "payload": "QNljEKCA/7UD9Wr5ZZehr9ULXjQTyyY=", "flag": 0}
{"devaddr": "0000BF53", "time": "2020-06-03T07:07:48.318767Z", "latitude": 38.72380635165497, "longitude": -9.16139236365605, "chan": 1, "datr": "SF12BW125", "lsnr": -8.2, "rssi": -111, "payload": "QNljEKCAALYDWlZeRP6aoJXQuHFpzfI=", "flag": 0}
{"devaddr": "0000BF53", "time": "2020-06-03T07:25:09.356949Z", "latitude": 38.72380635165497, "longitude": -9.16139236365605, "chan": 1, "datr": "SF12BW125", "lsnr": -5.5, "rssi": -110, "payload": "QNljEKCAAbYDfXeX4MUWUnffprYpZ/0=", "flag": 0}
{"devaddr": "0000BF53", "time": "2020-06-03T07:45:03.412989Z", "latitude": 38.72380635165497, "longitude": -9.16139236365605, "chan": 0, "datr": "SF12BW125", "lsnr": -0.8, "rssi": -113, "payload": "QNljEKCAArYD8GG6kBX1TmHXkTjcoQs=", "flag": 0}
{"devaddr": "0000BF53", "time": "2020-06-03T07:55:08.429559Z", "latitude": 38.72380635165497, "longitude": -9.16139236365605, "chan": 0, "datr": "SF12BW125", "lsnr": 0.2, "rssi": -111, "payload": "QNljEKCAA7YDX7J2fKPOzKfvwfFhk3o=", "flag": 0}
{"devaddr": "0000BF53", "time": "2020-06-03T08:13:08.482023Z", "latitude": 38.72380635165497, "longitude": -9.16139236365605, "chan": 0, "datr": "SF12BW125", "lsnr": -1.8, "rssi": -113, "payload": "QNljEKCABLYDvOKUFPwM3FzA/D65z0w=", "flag": 0}
{"devaddr": "0000BF53", "time": "2020-06-03T08:32:51.544757Z", "latitude": 38.72380635165497, "longitude": -9.16139236365605, "chan": 1, "datr": "SF12BW125", "lsnr": -9.2, "rssi": -91, "payload": "QNljEKCABbYDeVexnCtYuVZR8/9Osok=", "flag": 0}
{"devaddr": "0000BF53", "time": "2020-06-03T08:42:21.563779Z", "latitude": 38.72380635165497, "longitude": -9.16139236365605, "chan": 0, "datr": "SF12BW125", "lsnr": 0.8, "rssi": -113, "payload": "QNljEKCABrYD7vyv6mCv/n1gdzeE/UU=", "flag": 0}
{"devaddr": "0000BF53", "time": "2020-06-03T09:02:18.621508Z", "latitude": 38.72380635165497, "longitude": -9.16139236365605, "chan": 2, "datr": "SF12BW125", "lsnr": -0.8, "rssi": -112, "payload": "QNljEKCAB7YD3jghoXiWDDgi8eRyvL0=", "flag": 0}
{"devaddr": "0000BF53", "time": "2020-06-03T09:14:35.655262Z", "latitude": 38.72380635165497, "longitude": -9.16139236365605, "chan": 1, "datr": "SF12BW125", "lsnr": -2.2, "rssi": -98, "payload": "QNljEKCACLYD0Vcap/roGo/1V57q1o8=", "flag": 0}
{"devaddr": "0000BF53", "time": "2020-06-03T09:29:22.686441Z", "latitude": 38.72380635165497, "longitude": -9.16139236365605, "chan": 0, "datr": "SF12BW125", "lsnr": 0.8, "rssi": -111, "payload": "QNljEKCACbYDRtNtGxjtIkI0iivh0Ok=", "flag": 0}
{"devaddr": "0000BF53", "time": "2020-06-03T09:42:59.725683Z", "latitude": 38.72380635165497, "longitude": -9.16139236365605, "chan": 2, "datr": "SF12BW125", "lsnr": -2, "rssi": -112, "payload": "QNljEKCACrYDEEU7iILeVJ/Fyzz5/Xs=", "flag": 0}
{"devaddr": "0000BF53", "time": "2020-06-03T09:58:03.775949Z", "latitude": 38.72380635165497, "longitude": -9.16139236365605, "chan": 1, "datr": "SF12BW125", "lsnr": -5.2, "rssi": -105, "payload": "QNljEKCAC7YDtH64P2AnxrK1UFIgn4I=", "flag": 0}
{"devaddr": "0000BF53", "time": "2020-06-03T10:13:20.819201Z", "latitude": 38.72380635165497, "longitude": -9.16139236365605, "chan": 2, "datr": "SF12BW125", "lsnr": -1.2, "rssi": -112, "payload": "QNljEKCADLYDmWaPtJsz1qIvLkiehCY=", "flag": 0}
{"devaddr": "0000BF53", "time": "2020-06-03T10:26:33.850400Z", "latitude": 38.72380635165497, "longitude": -9.16139236365605, "chan": 0, "datr": "SF12BW125", "lsnr": -2.2, "rssi": -111, "payload": "QNljEKCADbYDq2tcUbPRXbMjqcrVmms=", "flag": 0}
{"devaddr": "0000BF53", "time": "2020-06-03T10:40:11.886766Z", "latitude": 38.72380635165497, "longitude": -9.16139236365605, "chan": 2, "datr": "SF12BW125", "lsnr": -2.2, "rssi": -116, "payload": "QNljEKCADrYDFIDcoFDyIm9htXew9zY=", "flag": 0}
{"devaddr": "0000BF53", "time": "2020-06-03T10:51:59.928189Z", "latitude": 38.72380635165497, "longitude": -9.16139236365605, "chan": 2, "datr": "SF12BW125", "lsnr": 0, "rssi": -112, "payload": "QNljEKCAD7YDdQRdEj6l67BnO1rUl34=", "flag": 0}
{"devaddr": "0000BF53", "time": "2020-06-03T11:10:30.972218Z", "latitude": 38.72380635165497, "longitude": -9.16139236365605, "chan": 0, "datr": "SF12BW125", "lsnr": 0, "rssi": -116, "payload": "QNljEKCAELYDvBSvdhKTM6EBIfiVbCA=", "flag": 0}
{"devaddr": "0000BF53", "time": "2020-06-03T11:31:28.027186Z", "latitude": 38.72380635165497, "longitude": -9.16139236365605, "chan": 0, "datr": "SF12BW125", "lsnr": -3, "rssi": -115, "payload": "QNljEKCAEbYDBuFhpvIwOoMSlSaOPRY=", "flag": 0}
{"devaddr": "0000BF53", "time": "2020-06-03T11:41:42.047757Z", "latitude": 38.72380635165497, "longitude": -9.16139236365605, "chan": 1, "datr": "SF12BW125", "lsnr": -6.5, "rssi": -112, "payload": "QNljEKCAErYD70MoznvoqrevbPMyXmU=", "flag": 0}
{"devaddr": "0000BF53", "time": "2020-06-03T12:01:02.116993Z", "latitude": 38.72380635165497, "longitude": -9.16139236365605, "chan": 2, "datr": "SF12BW125", "lsnr": -1, "rssi": -112, "payload": "QNljEKCAE7YDCmmqP60/oSBDnyywfQA=", "flag": 0}
{"devaddr": "0000BF53", "time": "2020-06-03T12:12:51.136067Z", "latitude": 38.72380635165497, "longitude": -9.16139236365605, "chan": 1, "datr": "SF12BW125", "lsnr": -3.2, "rssi": -112, "payload": "QNljEKCAFLYDW1p6BP6QrmAqAG/QoQY=", "flag": 0}
{"devaddr": "0000BF53", "time": "2020-06-03T12:31:15.188656Z", "latitude": 38.72380635165497, "longitude": -9.16139236365605, "chan": 0, "datr": "SF12BW125", "lsnr": -1.5, "rssi": -111, "payload": "QNljEKCAFbYDtzKeyhF7zxCrkdU8AJA=", "flag": 0}
{"devaddr": "0000BF53", "time": "2020-06-03T12:36:56.205079Z", "latitude": 38.72380635165497, "longitude": -9.16139236365605, "chan": 1, "datr": "SF12BW125", "lsnr": -2.5, "rssi": -95, "payload": "QNljEKCAFrYDdeZbKQB5Qd2xTcUj55g=", "flag": 0}
{"devaddr": "0000BF53", "time": "2020-06-03T12:59:27.256863Z", "latitude": 38.72380635165497, "longitude": -9.16139236365605, "chan": 1, "datr": "SF12BW125", "lsnr": -4.8, "rssi": -100, "payload": "QNljEKCAF7YDOkqi7U3yTKfsq5hvRJc=", "flag": 0}
{"devaddr": "0000BF53", "time": "2020-06-03T13:16:13.309375Z", "latitude": 38.72380635165497, "longitude": -9.16139236365605, "chan": 2, "datr": "SF12BW125", "lsnr": -4.2, "rssi": -115, "payload": "QNljEKCAGLYDyoPjscqJhRXV3A6lzrw=", "flag": 0}
{"devaddr": "0000BF53", "time": "2020-06-03T13:36:22.372451Z", "latitude": 38.72380635165497, "longitude": -9.16139236365605, "chan": 2, "datr": "SF12BW125", "lsnr": -3.5, "rssi": -113, "payload": "QNljEKCAGrYDvO5gld1zK7Nokuy7Sw==", "flag": 0}
{"devaddr": "0000BF53", "time": "2020-06-03T14:31:04.512399Z", "latitude": 38.72380635165497, "longitude": -9.16139236365605, "chan": 2, "datr": "SF12BW125", "lsnr": -3, "rssi": -113, "payload": "QNljEKCAHbYDYO6Rv0DekCcNh0XzDwE=", "flag": 0}
{"devaddr": "0000BF53", "time": "2020-06-03T14:46:02.549127Z", "latitude": 38.72380635165497, "longitude": -9.16139236365605, "chan": 0, "datr": "SF12BW125", "lsnr": 0, "rssi": -115, "payload": "QNljEKCAHrYDHDzcs4KJK1QDrB8AdRw=", "flag": 0}
{"devaddr": "0000BF53", "time": "2020-06-03T15:02:23.592505Z", "latitude": 38.72380635165497, "longitude": -9.16139236365605, "chan": 2, "datr": "SF12BW125", "lsnr": -5.5, "rssi": -103, "payload": "QNljEKCAH7YDA+A1Wxpxp+Z5Q2o8CDM=", "flag": 0}
{"devaddr": "0000BF53", "time": "2020-06-03T15:17:18.626027Z", "latitude": 38.72380635165497, "longitude": -9.16139236365605, "chan": 0, "datr": "SF12BW125", "lsnr": -4.2, "rssi": -115, "payload": "QNljEKCAILYDYC3pQz3BhM1WFJgOF/A=", "flag": 0}
{"devaddr": "0000BF53", "time": "2020-06-03T15:29:28.666183Z", "latitude": 38.72380635165497, "longitude": -9.16139236365605, "chan": 1, "datr": "SF12BW125", "lsnr": -3.2, "rssi": -112, "payload": "QNljEKCAIbYD3j8dcNLlahcCpNT4g+8=", "flag": 0}
{"devaddr": "0000BF53", "time": "2020-06-03T15:42:13.783007Z", "latitude": 38.72380635165497, "longitude": -9.16139236365605, "chan": 1, "datr": "SF12BW125", "lsnr": -4.8, "rssi": -113, "payload": "QNljEKCAIrYDLyQz1Yx+1ka24DR1qBE=", "flag": 0}
{"devaddr": "0000BF53", "time": "2020-06-03T15:57:09.735822Z", "latitude": 38.72380635165497, "longitude": -9.16139236365605, "chan": 0, "datr": "SF12BW125", "lsnr": -0.5, "rssi": -112, "payload": "QNljEKCAI7YD4zM3R24frjICUKjYzSk=", "flag": 0}
{"devaddr": "0000BF53", "time": "2020-06-03T16:16:14.787830Z", "latitude": 38.72380635165497, "longitude": -9.16139236365605, "chan": 1, "datr": "SF12BW125", "lsnr": -2.2, "rssi": -113, "payload": "QNljEKCAJLYDiaPkBM/Ta/wxWx81hZ4=", "flag": 0}
{"devaddr": "0000BF53", "time": "2020-06-03T16:28:51.815529Z", "latitude": 38.72380635165497, "longitude": -9.16139236365605, "chan": 0, "datr": "SF12BW125", "lsnr": -3.5, "rssi": -115, "payload": "QNljEKCAJbYDsqWa8h+BvqosJNMu5Po=", "flag": 0}
{"devaddr": "0000BF53", "time": "2020-06-03T16:38:53.842766Z", "latitude": 38.72380635165497, "longitude": -9.16139236365605, "chan": 0, "datr": "SF12BW125", "lsnr": -14.8, "rssi": -117, "payload": "QNljEKCAJrYDP+/I7nt2LjYBZyDKrFU=", "flag": 0}
{"devaddr": "0000BF53", "time": "2020-06-03T16:55:55.887715Z", "latitude": 38.72380635165497, "longitude": -9.16139236365605, "chan": 2, "datr": "SF12BW125", "lsnr": -6.8, "rssi": -109, "payload": "QNljEKCAJ7YDJ6eDHBrlk4saGAxTYBw=", "flag": 0}
{"devaddr": "0000BF53", "time": "2020-06-03T17:15:25.946074Z", "latitude": 38.72380635165497, "longitude": -9.16139236365605, "chan": 1, "datr": "SF12BW125", "lsnr": -6.5, "rssi": -100, "payload": "QNljEKCAKLYDEnai0d5JeB7u0WnDxUk=", "flag": 0}
{"devaddr": "0000BF53", "time": "2020-06-03T17:31:55.975969Z", "latitude": 38.72380635165497, "longitude": -9.16139236365605, "chan": 0, "datr": "SF12BW125", "lsnr": -4.5, "rssi": -115, "payload": "QNljEKCAKbYDktd/mZjEFZXmhVeBK/k=", "flag": 0}
{"devaddr": "0000BF53", "time": "2020-06-03T17:44:55.026222Z", "latitude": 38.72380635165497, "longitude": -9.16139236365605, "chan": 2, "datr": "SF12BW125", "lsnr": -4.2, "rssi": -117, "payload": "QNljEKCAKrYDYtHpv0BuUOws1pcLn+g=", "flag": 0}
{"devaddr": "0000BF53", "time": "2020-06-03T17:51:02.027644Z", "latitude": 38.72380635165497, "longitude": -9.16139236365605, "chan": 1, "datr": "SF12BW125", "lsnr": -1.8, "rssi": -113, "payload": "QNljEKCAK7YDnRarGKQ63rjXbfCsew==", "flag": 0}
{"devaddr": "0000BF53", "time": "2020-06-03T18:08:30.076588Z", "latitude": 38.72380635165497, "longitude": -9.16139236365605, "chan": 2, "datr": "SF12BW125", "lsnr": -1.5, "rssi": -115, "payload": "QNljEKCALLYD3u2dRQyuaDUBUMgNquA=", "flag": 0}
{"devaddr": "0000BF53", "time": "2020-06-03T18:30:39.139217Z", "latitude": 38.72380635165497, "longitude": -9.16139236365605, "chan": 0, "datr": "SF12BW125", "lsnr": -8.5, "rssi": -116, "payload": "QNljEKCALbYDA/iz/o6GxshxCxL3gnM=", "flag": 0}
{"devaddr": "0000BF53", "time": "2020-06-03T18:38:16.154595Z", "latitude": 38.72380635165497, "longitude": -9.16139236365605, "chan": 2, "datr": "SF12BW125", "lsnr": -2, "rssi": -115, "payload": "QNljEKCALrYDSFUjPsdOegWigjNIaU4=", "flag": 0}
{"devaddr": "0000BF53", "time": "2020-06-03T19:01:17.230998Z", "latitude": 38.72380635165497, "longitude": -9.16139236365605, "chan": 1, "datr": "SF12BW125", "lsnr": -4.5, "rssi": -103, "payload": "QNljEKCAL7YDssUaJWmhlOufP3qgNyc=", "flag": 0}
{"devaddr": "0000BF53", "time": "2020-06-03T19:14:55.261239Z", "latitude": 38.72380635165497, "longitude": -9.16139236365605, "chan": 2, "datr": "SF12BW125", "lsnr": -2, "rssi": -106, "payload": "QNljEKCAMLYDYfbLzE7NaG5997BagZs=", "flag": 0}
{"devaddr": "0000BF53", "time": "2020-06-03T19:39:28.332350Z", "latitude": 38.72380635165497, "longitude": -9.16139236365605, "chan": 1, "datr": "SF12BW125", "lsnr": -6.8, "rssi": -110, "payload": "QNljEKCAMrYD05XA1uSxgR2pkEy4aGE=", "flag": 0}
{"devaddr": "0000BF53", "time": "2020-06-03T20:00:41.376750Z", "latitude": 38.72380635165497, "longitude": -9.16139236365605, "chan": 1, "datr": "SF12BW125", "lsnr": -3.8, "rssi": -111, "payload": "QNljEKCAM7YDPX5ar/eC31wXiy93wUU=", "flag": 0}
{"devaddr": "0000BF53", "time": "2020-06-03T20:17:53.430219Z", "latitude": 38.72380635165497, "longitude": -9.16139236365605, "chan": 2, "datr": "SF12BW125", "lsnr": -3.2, "rssi": -113, "payload": "QNljEKCANLYDWcmhBYrKxZ8Pt1jENmc=", "flag": 0}
{"devaddr": "0000BF53", "time": "2020-06-03T20:23:08.437959Z", "latitude": 38.72380635165497, "longitude": -9.16139236365605, "chan": 2, "datr": "SF12BW125", "lsnr": -3.8, "rssi": -115, "payload": "QNljEKCANbYDOpD9kdd/dMNLjRROof0=", "flag": 0}
{"devaddr": "0000BF53", "time": "2020-06-03T20:40:58.491141Z", "latitude": 38.72380635165497, "longitude": -9.16139236365605, "chan": 1, "datr": "SF12BW125", "lsnr": -5.2, "rssi": -102, "payload": "QNljEKCANrYDk5RuZkaGcXqfT9TdfDg=", "flag": 0}
{"devaddr": "0000BF53", "time": "2020-06-03T20:54:42.527920Z", "latitude": 38.72380635165497, "longitude": -9.16139236365605, "chan": 2, "datr": "SF12BW125", "lsnr": -14, "rssi": -98, "payload": "QNljEKCAN7YD6b2IJhO6ZWpdRi+Ymok=", "flag": 0}
{"devaddr": "0000BF53", "time": "2020-06-03T21:18:02.584132Z", "latitude": 38.72380635165497, "longitude": -9.16139236365605, "chan": 1, "datr": "SF12BW125", "lsnr": -13.5, "rssi": -103, "payload": "QNljEKCAOLYDjpIKjeUOpHGiQIUxxf8=", "flag": 0}
{"devaddr": "0000BF53", "time": "2020-06-03T21:23:13.607723Z", "latitude": 38.72380635165497, "longitude": -9.16139236365605, "chan": 1, "datr": "SF12BW125", "lsnr": -5.8, "rssi": -111, "payload": "QNljEKCAObYDm4mq2SZEtOz6P8XC4PY=", "flag": 0}
{"devaddr": "0000BF53", "time": "2020-06-03T21:41:32.651015Z", "latitude": 38.72380635165497, "longitude": -9.16139236365605, "chan": 2, "datr": "SF12BW125", "lsnr": -4.8, "rssi": -116, "payload": "QNljEKCAOrYDFDak1WM41/5qSY+JT/U=", "flag": 0}
{"devaddr": "0000BF53", "time": "2020-06-03T21:55:45.697674Z", "latitude": 38.72380635165497, "longitude": -9.16139236365605, "chan": 1, "datr": "SF12BW125", "lsnr": -1.2, "rssi": -111, "payload": "QNljEKCAO7YDMNgDZeRFbOvNaOFEYrY=", "flag": 0}
{"devaddr": "0000BF53", "time": "2020-06-03T22:08:25.727657Z", "latitude": 38.72380635165497, "longitude": -9.16139236365605, "chan": 2, "datr": "SF12BW125", "lsnr": -2, "rssi": -113, "payload": "QNljEKCAPLYDA7yC9GsKhjW+7mYfsc8=", "flag": 0}
{"devaddr": "0000BF53", "time": "2020-06-03T22:21:26.759648Z", "latitude": 38.72380635165497, "longitude": -9.16139236365605, "chan": 1, "datr": "SF12BW125", "lsnr": -17.2, "rssi": -100, "payload": "QNljEKCAPbYD9JpaLz1aTQhzZHLujA==", "flag": 0}
{"devaddr": "0000BF53", "time": "2020-06-03T22:45:09.818561Z", "latitude": 38.72380635165497, "longitude": -9.16139236365605, "chan": 0, "datr": "SF12BW125", "lsnr": -4.8, "rssi": -115, "payload": "QNljEKCAPrYD/U2mFaBdLJVCUG6qkOU=", "flag": 0}
